0 info it worked if it ends with ok
1 verbose cli [ 'node', '/usr/local/bin/npm', 'run', 'watch' ]
2 info using npm@2.10.1
3 info using node@v0.10.33
4 verbose run-script [ 'prewatch', 'watch', 'postwatch' ]
5 info prewatch foundationpress@5.5.2
6 info watch foundationpress@5.5.2
7 verbose unsafe-perm in lifecycle true
8 info foundationpress@5.5.2 Failed to exec watch script
9 verbose stack Error: foundationpress@5.5.2 watch: `grunt watch`
9 verbose stack Exit status 1
9 verbose stack     at EventEmitter.<anonymous> (/usr/local/lib/node_modules/npm/lib/utils/lifecycle.js:213:16)
9 verbose stack     at EventEmitter.emit (events.js:98:17)
9 verbose stack     at ChildProcess.<anonymous> (/usr/local/lib/node_modules/npm/lib/utils/spawn.js:24:14)
9 verbose stack     at ChildProcess.emit (events.js:98:17)
9 verbose stack     at maybeClose (child_process.js:756:16)
9 verbose stack     at Process.ChildProcess._handle.onexit (child_process.js:823:5)
10 verbose pkgid foundationpress@5.5.2
11 verbose cwd /www/sites/hellojens/wwwroot/wp-content/themes/zetland-theme
12 error Darwin 14.1.0
13 error argv "node" "/usr/local/bin/npm" "run" "watch"
14 error node v0.10.33
15 error npm  v2.10.1
16 error code ELIFECYCLE
17 error foundationpress@5.5.2 watch: `grunt watch`
17 error Exit status 1
18 error Failed at the foundationpress@5.5.2 watch script 'grunt watch'.
18 error This is most likely a problem with the foundationpress package,
18 error not with npm itself.
18 error Tell the author that this fails on your system:
18 error     grunt watch
18 error You can get their info via:
18 error     npm owner ls foundationpress
18 error There is likely additional logging output above.
19 verbose exit [ 1, true ]
